<?xml version="1.0" encoding="UTF-8"?>
<!-- Generated by org.testng.reporters.JUnitReportReporter -->
<testsuite hostname="DESKTOP-JH93AHK" failures="0" tests="2" name="tests.UserTests" time="0.858" errors="0" timestamp="2024-09-23T13:07:16 IST" skipped="0">
  <testcase classname="tests.UserTests" name="testCreateUser" time="0.612"/>
  <system-out/>
  <testcase classname="tests.UserTests" name="testGetUser" time="0.246"/>
  <system-out/>
</testsuite> <!-- tests.UserTests -->
