<?xml version="1.0" encoding="UTF-8"?>
<!-- Generated by org.testng.reporters.JUnitReportReporter -->
<testsuite hostname="DESKTOP-JH93AHK" failures="0" tests="2" name="tests.UserTests" time="0.692" errors="0" timestamp="2024-09-21T20:58:27 IST" skipped="0">
  <testcase classname="tests.UserTests" name="testCreateUser" time="0.541"/>
  <system-out/>
  <testcase classname="tests.UserTests" name="testGetUser" time="0.151"/>
  <system-out/>
</testsuite> <!-- tests.UserTests -->
